<?xml version="1.0" encoding="UTF-8"?>
<!-- Generated by org.testng.reporters.JUnitReportReporter -->
<testsuite skipped="0" hostname="sharmara2" name="test.TC001_ValidateBanner" tests="1" failures="0" timestamp="2019-09-23T18:57:06 CEST" time="24.689" errors="0">
  <testcase name="validateDanner" time="24.689" classname="test.TC001_ValidateBanner"/>
</testsuite> <!-- test.TC001_ValidateBanner -->
