<?xml version="1.0" encoding="UTF-8"?>
<!-- Generated by org.testng.reporters.JUnitReportReporter -->
<testsuite skipped="0" hostname="sharmara2" name="test.TC002_ValidatePetList" tests="1" failures="0" timestamp="2019-09-24T18:28:35 CEST" time="16.277" errors="0">
  <testcase name="validatePetList" time="16.277" classname="test.TC002_ValidatePetList"/>
</testsuite> <!-- test.TC002_ValidatePetList -->
