<?xml version="1.0" encoding="UTF-8"?>
<!-- Generated by org.testng.reporters.JUnitReportReporter -->
<testsuite skipped="0" hostname="sharmara2" name="test.TC003_ValidatePetCreation" tests="1" failures="0" timestamp="2019-09-24T20:01:08 CEST" time="126.910" errors="0">
  <testcase name="validatePetCreation" time="126.910" classname="test.TC003_ValidatePetCreation"/>
</testsuite> <!-- test.TC003_ValidatePetCreation -->
